[DEBUG][21-09-14][druid.sql.Connection]{conn-10001} closed
[DEBUG][21-09-14][druid.sql.Connection]{conn-10002} closed
[DEBUG][21-09-14][druid.sql.Connection]{conn-10003} closed
[DEBUG][21-09-14][druid.sql.Connection]{conn-10004} closed
[DEBUG][21-09-14][druid.sql.Statement]{conn-10005, pstmt-20000} closed
[DEBUG][21-09-14][druid.sql.Connection]{conn-10005} closed
[DEBUG][21-09-15][druid.sql.Connection]{conn-10001,procId-8} connected
[DEBUG][21-09-15][druid.sql.Connection]{conn-10002,procId-9} connected
[DEBUG][21-09-15][druid.sql.Connection]{conn-10003,procId-10} connected
[DEBUG][21-09-15][druid.sql.Connection]{conn-10004,procId-11} connected
[DEBUG][21-09-15][druid.sql.Connection]{conn-10005,procId-12} connected
[DEBUG][21-09-15][druid.sql.Connection]{conn-10005} pool-connect
[DEBUG][21-09-15][druid.sql.Statement]{conn-10005, pstmt-20000} created. select * from spring_boot_test.table_test where id=?
[DEBUG][21-09-15][druid.sql.Statement]{conn-10005, pstmt-20000} Parameters : [1]
[DEBUG][21-09-15][druid.sql.Statement]{conn-10005, pstmt-20000} Types : [INTEGER]
[DEBUG][21-09-15][druid.sql.Statement]{conn-10005, pstmt-20000, rs-50000} query executed. 46.4293 millis. select * from spring_boot_test.table_test where id=?
[DEBUG][21-09-15][druid.sql.ResultSet]{conn-10005, pstmt-20000, rs-50000} open
[DEBUG][21-09-15][druid.sql.ResultSet]{conn-10005, pstmt-20000, rs-50000} Header: [id, name, level, create_time, delete_flag, extension]
[DEBUG][21-09-15][druid.sql.ResultSet]{conn-10005, pstmt-20000, rs-50000} Result: [1, zoe, 100,  2021-07-22 13:09:09, 1,  blabla]
[DEBUG][21-09-15][druid.sql.ResultSet]{conn-10005, pstmt-20000, rs-50000} closed
[DEBUG][21-09-15][druid.sql.Statement]{conn-10005, pstmt-20000} clearParameters. 
[DEBUG][21-09-15][druid.sql.Connection]{conn-10005} pool-recycle
[DEBUG][21-09-15][druid.sql.Connection]{conn-10005} pool-connect
[DEBUG][21-09-15][druid.sql.Statement]{conn-10005, pstmt-20000} Parameters : [0]
[DEBUG][21-09-15][druid.sql.Statement]{conn-10005, pstmt-20000} Types : [INTEGER]
[DEBUG][21-09-15][druid.sql.Statement]{conn-10005, pstmt-20000, rs-50001} query executed. 9.9585 millis. select * from spring_boot_test.table_test where id=?
[DEBUG][21-09-15][druid.sql.ResultSet]{conn-10005, pstmt-20000, rs-50001} open
[DEBUG][21-09-15][druid.sql.ResultSet]{conn-10005, pstmt-20000, rs-50001} Header: [id, name, level, create_time, delete_flag, extension]
[DEBUG][21-09-15][druid.sql.ResultSet]{conn-10005, pstmt-20000, rs-50001} Result: [0, calvin, 80, 2021-07-26 12:09:09, 1, handsome]
[DEBUG][21-09-15][druid.sql.ResultSet]{conn-10005, pstmt-20000, rs-50001} closed
[DEBUG][21-09-15][druid.sql.Statement]{conn-10005, pstmt-20000} clearParameters. 
[DEBUG][21-09-15][druid.sql.Connection]{conn-10005} pool-recycle
[DEBUG][21-09-15][druid.sql.Connection]{conn-10001} closed
[DEBUG][21-09-15][druid.sql.Connection]{conn-10002} closed
[DEBUG][21-09-15][druid.sql.Connection]{conn-10003} closed
[DEBUG][21-09-15][druid.sql.Connection]{conn-10004} closed
[DEBUG][21-09-15][druid.sql.Statement]{conn-10005, pstmt-20000} closed
[DEBUG][21-09-15][druid.sql.Connection]{conn-10005} closed
[DEBUG][22-01-08][druid.sql.Connection]{conn-10001,procId-11} connected
[DEBUG][22-01-08][druid.sql.Connection]{conn-10002,procId-12} connected
[DEBUG][22-01-08][druid.sql.Connection]{conn-10003,procId-13} connected
[DEBUG][22-01-08][druid.sql.Connection]{conn-10004,procId-14} connected
[DEBUG][22-01-08][druid.sql.Connection]{conn-10005,procId-15} connected
[DEBUG][22-01-08][druid.sql.Connection]{conn-10005} pool-connect
[DEBUG][22-01-08][druid.sql.Connection]{conn-10005} pool-recycle
[DEBUG][22-01-08][druid.sql.Connection]{conn-10001} closed
[DEBUG][22-01-08][druid.sql.Connection]{conn-10002} closed
[DEBUG][22-01-08][druid.sql.Connection]{conn-10003} closed
[DEBUG][22-01-08][druid.sql.Connection]{conn-10004} closed
[DEBUG][22-01-08][druid.sql.Connection]{conn-10005} closed
[DEBUG][22-01-30][druid.sql.Connection]{conn-10001,procId-8} connected
[DEBUG][22-01-30][druid.sql.Connection]{conn-10002,procId-9} connected
[DEBUG][22-01-30][druid.sql.Connection]{conn-10003,procId-10} connected
[DEBUG][22-01-30][druid.sql.Connection]{conn-10004,procId-11} connected
[DEBUG][22-01-30][druid.sql.Connection]{conn-10005,procId-12} connected
[DEBUG][22-01-30][druid.sql.Connection]{conn-10005} pool-connect
[DEBUG][22-01-30][druid.sql.Connection]{conn-10005} pool-recycle
[DEBUG][22-01-30][druid.sql.Connection]{conn-10001} closed
[DEBUG][22-01-30][druid.sql.Connection]{conn-10002} closed
[DEBUG][22-01-30][druid.sql.Connection]{conn-10003} closed
[DEBUG][22-01-30][druid.sql.Connection]{conn-10004} closed
[DEBUG][22-01-30][druid.sql.Connection]{conn-10005} closed
